[INFO] Error stacktraces are turned on.
[INFO] Scanning for projects...
[INFO]                                                                         
[INFO] ------------------------------------------------------------------------
[INFO] Building http-aop 2.0.2-SNAPSHOTS
[INFO] ------------------------------------------------------------------------
[INFO] 
[INFO] --- maven-release-plugin:2.4.2:clean (default-cli) @ http-aop ---
[INFO] Cleaning up after release...
[INFO] 
[INFO] --- maven-release-plugin:2.4.2:prepare (default-cli) @ http-aop ---
[INFO] ------------------------------------------------------------------------
[INFO] BUILD FAILURE
[INFO] ------------------------------------------------------------------------
[INFO] Total time: 3.782 s
[INFO] Finished at: 2015-12-03T00:40:24+08:00
[INFO] Final Memory: 11M/153M
[INFO] ------------------------------------------------------------------------
[ERROR] Failed to execute goal org.apache.maven.plugins:maven-release-plugin:2.4.2:prepare (default-cli) on project http-aop: You don't have a SNAPSHOT project in the reactor projects list. -> [Help 1]
org.apache.maven.lifecycle.LifecycleExecutionException: Failed to execute goal org.apache.maven.plugins:maven-release-plugin:2.4.2:prepare (default-cli) on project http-aop: You don't have a SNAPSHOT project in the reactor projects list.
	at org.apache.maven.lifecycle.internal.MojoExecutor.execute(MojoExecutor.java:212)
	at org.apache.maven.lifecycle.internal.MojoExecutor.execute(MojoExecutor.java:153)
	at org.apache.maven.lifecycle.internal.MojoExecutor.execute(MojoExecutor.java:145)
	at org.apache.maven.lifecycle.internal.LifecycleModuleBuilder.buildProject(LifecycleModuleBuilder.java:116)
	at org.apache.maven.lifecycle.internal.LifecycleModuleBuilder.buildProject(LifecycleModuleBuilder.java:80)
	at org.apache.maven.lifecycle.internal.builder.singlethreaded.SingleThreadedBuilder.build(SingleThreadedBuilder.java:51)
	at org.apache.maven.lifecycle.internal.LifecycleStarter.execute(LifecycleStarter.java:128)
	at org.apache.maven.DefaultMaven.doExecute(DefaultMaven.java:307)
	at org.apache.maven.DefaultMaven.doExecute(DefaultMaven.java:193)
	at org.apache.maven.DefaultMaven.execute(DefaultMaven.java:106)
	at org.apache.maven.cli.MavenCli.execute(MavenCli.java:862)
	at org.apache.maven.cli.MavenCli.doMain(MavenCli.java:286)
	at org.apache.maven.cli.MavenCli.main(MavenCli.java:197)
	at sun.reflect.NativeMethodAccessorImpl.invoke0(Native Method)
	at sun.reflect.NativeMethodAccessorImpl.invoke(NativeMethodAccessorImpl.java:57)
	at sun.reflect.DelegatingMethodAccessorImpl.invoke(DelegatingMethodAccessorImpl.java:43)
	at java.lang.reflect.Method.invoke(Method.java:606)
	at org.codehaus.plexus.classworlds.launcher.Launcher.launchEnhanced(Launcher.java:289)
	at org.codehaus.plexus.classworlds.launcher.Launcher.launch(Launcher.java:229)
	at org.codehaus.plexus.classworlds.launcher.Launcher.mainWithExitCode(Launcher.java:415)
	at org.codehaus.plexus.classworlds.launcher.Launcher.main(Launcher.java:356)
Caused by: org.apache.maven.plugin.MojoFailureException: You don't have a SNAPSHOT project in the reactor projects list.
	at org.apache.maven.plugins.release.PrepareReleaseMojo.prepareRelease(PrepareReleaseMojo.java:285)
	at org.apache.maven.plugins.release.PrepareReleaseMojo.execute(PrepareReleaseMojo.java:232)
	at org.apache.maven.plugin.DefaultBuildPluginManager.executeMojo(DefaultBuildPluginManager.java:134)
	at org.apache.maven.lifecycle.internal.MojoExecutor.execute(MojoExecutor.java:208)
	... 20 more
Caused by: org.apache.maven.shared.release.ReleaseFailureException: You don't have a SNAPSHOT project in the reactor projects list.
	at org.apache.maven.shared.release.phase.CheckPomPhase.execute(CheckPomPhase.java:111)
	at org.apache.maven.shared.release.DefaultReleaseManager.prepare(DefaultReleaseManager.java:234)
	at org.apache.maven.shared.release.DefaultReleaseManager.prepare(DefaultReleaseManager.java:169)
	at org.apache.maven.shared.release.DefaultReleaseManager.prepare(DefaultReleaseManager.java:146)
	at org.apache.maven.shared.release.DefaultReleaseManager.prepare(DefaultReleaseManager.java:107)
	at org.apache.maven.plugins.release.PrepareReleaseMojo.prepareRelease(PrepareReleaseMojo.java:277)
	... 23 more
[ERROR] 
[ERROR] Re-run Maven using the -X switch to enable full debug logging.
[ERROR] 
[ERROR] For more information about the errors and possible solutions, please read the following articles:
[ERROR] [Help 1] http://cwiki.apache.org/confluence/display/MAVEN/MojoFailureException
